[2019-01-24 07:25:28] local.ERROR: ErrorException: Use of undefined constant MCRYPT_RIJNDAEL_128 - assumed 'MCRYPT_RIJNDAEL_128' (this will throw an Error in a future version of PHP) in /var/www/vds11/data/www/larablog.omnibank.ru/vendor/compiled.php:6539
Stack trace:
#0 /var/www/vds11/data/www/larablog.omnibank.ru/vendor/compiled.php(6539): Illuminate\Foundation\Bootstrap\HandleExceptions->handleError(2, 'Use of undefine...', '/var/www/vds11/...', 6539, Array)
#1 /var/www/vds11/data/www/larablog.omnibank.ru/vendor/compiled.php(1027): Illuminate\Encryption\EncryptionServiceProvider->Illuminate\Encryption\{closure}(Object(Illuminate\Foundation\Application), Array)
#2 /var/www/vds11/data/www/larablog.omnibank.ru/vendor/compiled.php(980): Illuminate\Container\Container->build(Object(Closure), Array)
#3 /var/www/vds11/data/www/larablog.omnibank.ru/vendor/compiled.php(1493): Illuminate\Container\Container->make('encrypter', Array)
#4 /var/www/vds11/data/www/larablog.omnibank.ru/vendor/compiled.php(1072): Illuminate\Foundation\Application->make('encrypter')
#5 /var/www/vds11/data/www/larablog.omnibank.ru/vendor/compiled.php(1056): Illuminate\Container\Container->resolveClass(Object(ReflectionParameter))
#6 /var/www/vds11/data/www/larablog.omnibank.ru/vendor/compiled.php(1042): Illuminate\Container\Container->getDependencies(Array, Array)
#7 /var/www/vds11/data/www/larablog.omnibank.ru/vendor/compiled.php(980): Illuminate\Container\Container->build('Illuminate\\Cook...', Array)
#8 /var/www/vds11/data/www/larablog.omnibank.ru/vendor/compiled.php(1493): Illuminate\Container\Container->make('Illuminate\\Cook...', Array)
#9 /var/www/vds11/data/www/larablog.omnibank.ru/vendor/compiled.php(8944): Illuminate\Foundation\Application->make('Illuminate\\Cook...')
#10 /var/www/vds11/data/www/larablog.omnibank.ru/vendor/compiled.php(2478): Illuminate\Pipeline\Pipeline->Illuminate\Pipeline\{closure}(Object(Illuminate\Http\Request))
#11 /var/www/vds11/data/www/larablog.omnibank.ru/vendor/compiled.php(8944): Illuminate\Foundation\Http\Middleware\CheckForMaintenanceMode->handle(Object(Illuminate\Http\Request), Object(Closure))
#12 [internal function]: Illuminate\Pipeline\Pipeline->Illuminate\Pipeline\{closure}(Object(Illuminate\Http\Request))
#13 /var/www/vds11/data/www/larablog.omnibank.ru/vendor/compiled.php(8935): call_user_func(Object(Closure), Object(Illuminate\Http\Request))
#14 /var/www/vds11/data/www/larablog.omnibank.ru/vendor/compiled.php(1891): Illuminate\Pipeline\Pipeline->then(Object(Closure))
#15 /var/www/vds11/data/www/larablog.omnibank.ru/vendor/compiled.php(1880): Illuminate\Foundation\Http\Kernel->sendRequestThroughRouter(Object(Illuminate\Http\Request))
#16 /var/www/vds11/data/www/larablog.omnibank.ru/public/index.php(52): Illuminate\Foundation\Http\Kernel->handle(Object(Illuminate\Http\Request))
#17 {main}  
[2019-01-24 07:25:28] local.ERROR: ErrorException: Use of undefined constant MCRYPT_RIJNDAEL_128 - assumed 'MCRYPT_RIJNDAEL_128' (this will throw an Error in a future version of PHP) in /var/www/vds11/data/www/larablog.omnibank.ru/vendor/compiled.php:6539
Stack trace:
#0 /var/www/vds11/data/www/larablog.omnibank.ru/vendor/compiled.php(6539): Illuminate\Foundation\Bootstrap\HandleExceptions->handleError(2, 'Use of undefine...', '/var/www/vds11/...', 6539, Array)
#1 /var/www/vds11/data/www/larablog.omnibank.ru/vendor/compiled.php(1027): Illuminate\Encryption\EncryptionServiceProvider->Illuminate\Encryption\{closure}(Object(Illuminate\Foundation\Application), Array)
#2 /var/www/vds11/data/www/larablog.omnibank.ru/vendor/compiled.php(980): Illuminate\Container\Container->build(Object(Closure), Array)
#3 /var/www/vds11/data/www/larablog.omnibank.ru/vendor/compiled.php(1493): Illuminate\Container\Container->make('encrypter', Array)
#4 /var/www/vds11/data/www/larablog.omnibank.ru/vendor/compiled.php(1072): Illuminate\Foundation\Application->make('encrypter')
#5 /var/www/vds11/data/www/larablog.omnibank.ru/vendor/compiled.php(1056): Illuminate\Container\Container->resolveClass(Object(ReflectionParameter))
#6 /var/www/vds11/data/www/larablog.omnibank.ru/vendor/compiled.php(1042): Illuminate\Container\Container->getDependencies(Array, Array)
#7 /var/www/vds11/data/www/larablog.omnibank.ru/vendor/compiled.php(980): Illuminate\Container\Container->build('Illuminate\\Cook...', Array)
#8 /var/www/vds11/data/www/larablog.omnibank.ru/vendor/compiled.php(1493): Illuminate\Container\Container->make('Illuminate\\Cook...', Array)
#9 /var/www/vds11/data/www/larablog.omnibank.ru/vendor/compiled.php(1897): Illuminate\Foundation\Application->make('Illuminate\\Cook...')
#10 /var/www/vds11/data/www/larablog.omnibank.ru/public/index.php(57): Illuminate\Foundation\Http\Kernel->terminate(Object(Illuminate\Http\Request), Object(Symfony\Component\HttpFoundation\Response))
#11 {main}  
[2019-01-24 07:30:48] local.ERROR: ErrorException: Use of undefined constant MCRYPT_RIJNDAEL_128 - assumed 'MCRYPT_RIJNDAEL_128' (this will throw an Error in a future version of PHP) in /var/www/vds11/data/www/larablog.omnibank.ru/vendor/compiled.php:6539
Stack trace:
#0 /var/www/vds11/data/www/larablog.omnibank.ru/vendor/compiled.php(6539): Illuminate\Foundation\Bootstrap\HandleExceptions->handleError(2, 'Use of undefine...', '/var/www/vds11/...', 6539, Array)
#1 /var/www/vds11/data/www/larablog.omnibank.ru/vendor/compiled.php(1027): Illuminate\Encryption\EncryptionServiceProvider->Illuminate\Encryption\{closure}(Object(Illuminate\Foundation\Application), Array)
#2 /var/www/vds11/data/www/larablog.omnibank.ru/vendor/compiled.php(980): Illuminate\Container\Container->build(Object(Closure), Array)
#3 /var/www/vds11/data/www/larablog.omnibank.ru/vendor/compiled.php(1493): Illuminate\Container\Container->make('encrypter', Array)
#4 /var/www/vds11/data/www/larablog.omnibank.ru/vendor/compiled.php(1072): Illuminate\Foundation\Application->make('encrypter')
#5 /var/www/vds11/data/www/larablog.omnibank.ru/vendor/compiled.php(1056): Illuminate\Container\Container->resolveClass(Object(ReflectionParameter))
#6 /var/www/vds11/data/www/larablog.omnibank.ru/vendor/compiled.php(1042): Illuminate\Container\Container->getDependencies(Array, Array)
#7 /var/www/vds11/data/www/larablog.omnibank.ru/vendor/compiled.php(980): Illuminate\Container\Container->build('Illuminate\\Cook...', Array)
#8 /var/www/vds11/data/www/larablog.omnibank.ru/vendor/compiled.php(1493): Illuminate\Container\Container->make('Illuminate\\Cook...', Array)
#9 /var/www/vds11/data/www/larablog.omnibank.ru/vendor/compiled.php(8944): Illuminate\Foundation\Application->make('Illuminate\\Cook...')
#10 /var/www/vds11/data/www/larablog.omnibank.ru/vendor/compiled.php(2478): Illuminate\Pipeline\Pipeline->Illuminate\Pipeline\{closure}(Object(Illuminate\Http\Request))
#11 /var/www/vds11/data/www/larablog.omnibank.ru/vendor/compiled.php(8944): Illuminate\Foundation\Http\Middleware\CheckForMaintenanceMode->handle(Object(Illuminate\Http\Request), Object(Closure))
#12 [internal function]: Illuminate\Pipeline\Pipeline->Illuminate\Pipeline\{closure}(Object(Illuminate\Http\Request))
#13 /var/www/vds11/data/www/larablog.omnibank.ru/vendor/compiled.php(8935): call_user_func(Object(Closure), Object(Illuminate\Http\Request))
#14 /var/www/vds11/data/www/larablog.omnibank.ru/vendor/compiled.php(1891): Illuminate\Pipeline\Pipeline->then(Object(Closure))
#15 /var/www/vds11/data/www/larablog.omnibank.ru/vendor/compiled.php(1880): Illuminate\Foundation\Http\Kernel->sendRequestThroughRouter(Object(Illuminate\Http\Request))
#16 /var/www/vds11/data/www/larablog.omnibank.ru/public/index.php(52): Illuminate\Foundation\Http\Kernel->handle(Object(Illuminate\Http\Request))
#17 {main}  
[2019-01-24 07:30:48] local.ERROR: ErrorException: Use of undefined constant MCRYPT_RIJNDAEL_128 - assumed 'MCRYPT_RIJNDAEL_128' (this will throw an Error in a future version of PHP) in /var/www/vds11/data/www/larablog.omnibank.ru/vendor/compiled.php:6539
Stack trace:
#0 /var/www/vds11/data/www/larablog.omnibank.ru/vendor/compiled.php(6539): Illuminate\Foundation\Bootstrap\HandleExceptions->handleError(2, 'Use of undefine...', '/var/www/vds11/...', 6539, Array)
#1 /var/www/vds11/data/www/larablog.omnibank.ru/vendor/compiled.php(1027): Illuminate\Encryption\EncryptionServiceProvider->Illuminate\Encryption\{closure}(Object(Illuminate\Foundation\Application), Array)
#2 /var/www/vds11/data/www/larablog.omnibank.ru/vendor/compiled.php(980): Illuminate\Container\Container->build(Object(Closure), Array)
#3 /var/www/vds11/data/www/larablog.omnibank.ru/vendor/compiled.php(1493): Illuminate\Container\Container->make('encrypter', Array)
#4 /var/www/vds11/data/www/larablog.omnibank.ru/vendor/compiled.php(1072): Illuminate\Foundation\Application->make('encrypter')
#5 /var/www/vds11/data/www/larablog.omnibank.ru/vendor/compiled.php(1056): Illuminate\Container\Container->resolveClass(Object(ReflectionParameter))
#6 /var/www/vds11/data/www/larablog.omnibank.ru/vendor/compiled.php(1042): Illuminate\Container\Container->getDependencies(Array, Array)
#7 /var/www/vds11/data/www/larablog.omnibank.ru/vendor/compiled.php(980): Illuminate\Container\Container->build('Illuminate\\Cook...', Array)
#8 /var/www/vds11/data/www/larablog.omnibank.ru/vendor/compiled.php(1493): Illuminate\Container\Container->make('Illuminate\\Cook...', Array)
#9 /var/www/vds11/data/www/larablog.omnibank.ru/vendor/compiled.php(1897): Illuminate\Foundation\Application->make('Illuminate\\Cook...')
#10 /var/www/vds11/data/www/larablog.omnibank.ru/public/index.php(57): Illuminate\Foundation\Http\Kernel->terminate(Object(Illuminate\Http\Request), Object(Symfony\Component\HttpFoundation\Response))
#11 {main}  
[2019-01-24 07:33:50] local.ERROR: ErrorException: Function mcrypt_get_iv_size() is deprecated in /var/www/vds11/data/www/larablog.omnibank.ru/vendor/compiled.php:11911
Stack trace:
#0 /var/www/vds11/data/www/larablog.omnibank.ru/vendor/compiled.php(11911): Illuminate\Foundation\Bootstrap\HandleExceptions->handleError(8192, 'Function mcrypt...', '/var/www/vds11/...', 11911, Array)
#1 /var/www/vds11/data/www/larablog.omnibank.ru/vendor/compiled.php(11902): Illuminate\Encryption\Encrypter->updateBlockSize()
#2 /var/www/vds11/data/www/larablog.omnibank.ru/vendor/compiled.php(6541): Illuminate\Encryption\Encrypter->setCipher('rijndael-128')
#3 /var/www/vds11/data/www/larablog.omnibank.ru/vendor/compiled.php(1027): Illuminate\Encryption\EncryptionServiceProvider->Illuminate\Encryption\{closure}(Object(Illuminate\Foundation\Application), Array)
#4 /var/www/vds11/data/www/larablog.omnibank.ru/vendor/compiled.php(980): Illuminate\Container\Container->build(Object(Closure), Array)
#5 /var/www/vds11/data/www/larablog.omnibank.ru/vendor/compiled.php(1493): Illuminate\Container\Container->make('encrypter', Array)
#6 /var/www/vds11/data/www/larablog.omnibank.ru/vendor/compiled.php(1072): Illuminate\Foundation\Application->make('encrypter')
#7 /var/www/vds11/data/www/larablog.omnibank.ru/vendor/compiled.php(1056): Illuminate\Container\Container->resolveClass(Object(ReflectionParameter))
#8 /var/www/vds11/data/www/larablog.omnibank.ru/vendor/compiled.php(1042): Illuminate\Container\Container->getDependencies(Array, Array)
#9 /var/www/vds11/data/www/larablog.omnibank.ru/vendor/compiled.php(980): Illuminate\Container\Container->build('Illuminate\\Cook...', Array)
#10 /var/www/vds11/data/www/larablog.omnibank.ru/vendor/compiled.php(1493): Illuminate\Container\Container->make('Illuminate\\Cook...', Array)
#11 /var/www/vds11/data/www/larablog.omnibank.ru/vendor/compiled.php(8944): Illuminate\Foundation\Application->make('Illuminate\\Cook...')
#12 /var/www/vds11/data/www/larablog.omnibank.ru/vendor/compiled.php(2478): Illuminate\Pipeline\Pipeline->Illuminate\Pipeline\{closure}(Object(Illuminate\Http\Request))
#13 /var/www/vds11/data/www/larablog.omnibank.ru/vendor/compiled.php(8944): Illuminate\Foundation\Http\Middleware\CheckForMaintenanceMode->handle(Object(Illuminate\Http\Request), Object(Closure))
#14 [internal function]: Illuminate\Pipeline\Pipeline->Illuminate\Pipeline\{closure}(Object(Illuminate\Http\Request))
#15 /var/www/vds11/data/www/larablog.omnibank.ru/vendor/compiled.php(8935): call_user_func(Object(Closure), Object(Illuminate\Http\Request))
#16 /var/www/vds11/data/www/larablog.omnibank.ru/vendor/compiled.php(1891): Illuminate\Pipeline\Pipeline->then(Object(Closure))
#17 /var/www/vds11/data/www/larablog.omnibank.ru/vendor/compiled.php(1880): Illuminate\Foundation\Http\Kernel->sendRequestThroughRouter(Object(Illuminate\Http\Request))
#18 /var/www/vds11/data/www/larablog.omnibank.ru/public/index.php(52): Illuminate\Foundation\Http\Kernel->handle(Object(Illuminate\Http\Request))
#19 {main}  
[2019-01-24 07:33:50] local.ERROR: ErrorException: Function mcrypt_get_iv_size() is deprecated in /var/www/vds11/data/www/larablog.omnibank.ru/vendor/compiled.php:11911
Stack trace:
#0 /var/www/vds11/data/www/larablog.omnibank.ru/vendor/compiled.php(11911): Illuminate\Foundation\Bootstrap\HandleExceptions->handleError(8192, 'Function mcrypt...', '/var/www/vds11/...', 11911, Array)
#1 /var/www/vds11/data/www/larablog.omnibank.ru/vendor/compiled.php(11902): Illuminate\Encryption\Encrypter->updateBlockSize()
#2 /var/www/vds11/data/www/larablog.omnibank.ru/vendor/compiled.php(6541): Illuminate\Encryption\Encrypter->setCipher('rijndael-128')
#3 /var/www/vds11/data/www/larablog.omnibank.ru/vendor/compiled.php(1027): Illuminate\Encryption\EncryptionServiceProvider->Illuminate\Encryption\{closure}(Object(Illuminate\Foundation\Application), Array)
#4 /var/www/vds11/data/www/larablog.omnibank.ru/vendor/compiled.php(980): Illuminate\Container\Container->build(Object(Closure), Array)
#5 /var/www/vds11/data/www/larablog.omnibank.ru/vendor/compiled.php(1493): Illuminate\Container\Container->make('encrypter', Array)
#6 /var/www/vds11/data/www/larablog.omnibank.ru/vendor/compiled.php(1072): Illuminate\Foundation\Application->make('encrypter')
#7 /var/www/vds11/data/www/larablog.omnibank.ru/vendor/compiled.php(1056): Illuminate\Container\Container->resolveClass(Object(ReflectionParameter))
#8 /var/www/vds11/data/www/larablog.omnibank.ru/vendor/compiled.php(1042): Illuminate\Container\Container->getDependencies(Array, Array)
#9 /var/www/vds11/data/www/larablog.omnibank.ru/vendor/compiled.php(980): Illuminate\Container\Container->build('Illuminate\\Cook...', Array)
#10 /var/www/vds11/data/www/larablog.omnibank.ru/vendor/compiled.php(1493): Illuminate\Container\Container->make('Illuminate\\Cook...', Array)
#11 /var/www/vds11/data/www/larablog.omnibank.ru/vendor/compiled.php(1897): Illuminate\Foundation\Application->make('Illuminate\\Cook...')
#12 /var/www/vds11/data/www/larablog.omnibank.ru/public/index.php(57): Illuminate\Foundation\Http\Kernel->terminate(Object(Illuminate\Http\Request), Object(Symfony\Component\HttpFoundation\Response))
#13 {main}  
[2019-01-24 07:37:17] local.ERROR: ErrorException: Function mcrypt_get_iv_size() is deprecated in /var/www/vds11/data/www/larablog.omnibank.ru/vendor/compiled.php:11911
Stack trace:
#0 /var/www/vds11/data/www/larablog.omnibank.ru/vendor/compiled.php(11911): Illuminate\Foundation\Bootstrap\HandleExceptions->handleError(8192, 'Function mcrypt...', '/var/www/vds11/...', 11911, Array)
#1 /var/www/vds11/data/www/larablog.omnibank.ru/vendor/compiled.php(11902): Illuminate\Encryption\Encrypter->updateBlockSize()
#2 /var/www/vds11/data/www/larablog.omnibank.ru/vendor/compiled.php(6541): Illuminate\Encryption\Encrypter->setCipher('rijndael-128')
#3 /var/www/vds11/data/www/larablog.omnibank.ru/vendor/compiled.php(1027): Illuminate\Encryption\EncryptionServiceProvider->Illuminate\Encryption\{closure}(Object(Illuminate\Foundation\Application), Array)
#4 /var/www/vds11/data/www/larablog.omnibank.ru/vendor/compiled.php(980): Illuminate\Container\Container->build(Object(Closure), Array)
#5 /var/www/vds11/data/www/larablog.omnibank.ru/vendor/compiled.php(1493): Illuminate\Container\Container->make('encrypter', Array)
#6 /var/www/vds11/data/www/larablog.omnibank.ru/vendor/compiled.php(1072): Illuminate\Foundation\Application->make('encrypter')
#7 /var/www/vds11/data/www/larablog.omnibank.ru/vendor/compiled.php(1056): Illuminate\Container\Container->resolveClass(Object(ReflectionParameter))
#8 /var/www/vds11/data/www/larablog.omnibank.ru/vendor/compiled.php(1042): Illuminate\Container\Container->getDependencies(Array, Array)
#9 /var/www/vds11/data/www/larablog.omnibank.ru/vendor/compiled.php(980): Illuminate\Container\Container->build('Illuminate\\Cook...', Array)
#10 /var/www/vds11/data/www/larablog.omnibank.ru/vendor/compiled.php(1493): Illuminate\Container\Container->make('Illuminate\\Cook...', Array)
#11 /var/www/vds11/data/www/larablog.omnibank.ru/vendor/compiled.php(8944): Illuminate\Foundation\Application->make('Illuminate\\Cook...')
#12 /var/www/vds11/data/www/larablog.omnibank.ru/vendor/compiled.php(2478): Illuminate\Pipeline\Pipeline->Illuminate\Pipeline\{closure}(Object(Illuminate\Http\Request))
#13 /var/www/vds11/data/www/larablog.omnibank.ru/vendor/compiled.php(8944): Illuminate\Foundation\Http\Middleware\CheckForMaintenanceMode->handle(Object(Illuminate\Http\Request), Object(Closure))
#14 [internal function]: Illuminate\Pipeline\Pipeline->Illuminate\Pipeline\{closure}(Object(Illuminate\Http\Request))
#15 /var/www/vds11/data/www/larablog.omnibank.ru/vendor/compiled.php(8935): call_user_func(Object(Closure), Object(Illuminate\Http\Request))
#16 /var/www/vds11/data/www/larablog.omnibank.ru/vendor/compiled.php(1891): Illuminate\Pipeline\Pipeline->then(Object(Closure))
#17 /var/www/vds11/data/www/larablog.omnibank.ru/vendor/compiled.php(1880): Illuminate\Foundation\Http\Kernel->sendRequestThroughRouter(Object(Illuminate\Http\Request))
#18 /var/www/vds11/data/www/larablog.omnibank.ru/public/index.php(52): Illuminate\Foundation\Http\Kernel->handle(Object(Illuminate\Http\Request))
#19 {main}  
[2019-01-24 07:37:17] local.ERROR: ErrorException: Function mcrypt_get_iv_size() is deprecated in /var/www/vds11/data/www/larablog.omnibank.ru/vendor/compiled.php:11911
Stack trace:
#0 /var/www/vds11/data/www/larablog.omnibank.ru/vendor/compiled.php(11911): Illuminate\Foundation\Bootstrap\HandleExceptions->handleError(8192, 'Function mcrypt...', '/var/www/vds11/...', 11911, Array)
#1 /var/www/vds11/data/www/larablog.omnibank.ru/vendor/compiled.php(11902): Illuminate\Encryption\Encrypter->updateBlockSize()
#2 /var/www/vds11/data/www/larablog.omnibank.ru/vendor/compiled.php(6541): Illuminate\Encryption\Encrypter->setCipher('rijndael-128')
#3 /var/www/vds11/data/www/larablog.omnibank.ru/vendor/compiled.php(1027): Illuminate\Encryption\EncryptionServiceProvider->Illuminate\Encryption\{closure}(Object(Illuminate\Foundation\Application), Array)
#4 /var/www/vds11/data/www/larablog.omnibank.ru/vendor/compiled.php(980): Illuminate\Container\Container->build(Object(Closure), Array)
#5 /var/www/vds11/data/www/larablog.omnibank.ru/vendor/compiled.php(1493): Illuminate\Container\Container->make('encrypter', Array)
#6 /var/www/vds11/data/www/larablog.omnibank.ru/vendor/compiled.php(1072): Illuminate\Foundation\Application->make('encrypter')
#7 /var/www/vds11/data/www/larablog.omnibank.ru/vendor/compiled.php(1056): Illuminate\Container\Container->resolveClass(Object(ReflectionParameter))
#8 /var/www/vds11/data/www/larablog.omnibank.ru/vendor/compiled.php(1042): Illuminate\Container\Container->getDependencies(Array, Array)
#9 /var/www/vds11/data/www/larablog.omnibank.ru/vendor/compiled.php(980): Illuminate\Container\Container->build('Illuminate\\Cook...', Array)
#10 /var/www/vds11/data/www/larablog.omnibank.ru/vendor/compiled.php(1493): Illuminate\Container\Container->make('Illuminate\\Cook...', Array)
#11 /var/www/vds11/data/www/larablog.omnibank.ru/vendor/compiled.php(1897): Illuminate\Foundation\Application->make('Illuminate\\Cook...')
#12 /var/www/vds11/data/www/larablog.omnibank.ru/public/index.php(57): Illuminate\Foundation\Http\Kernel->terminate(Object(Illuminate\Http\Request), Object(Symfony\Component\HttpFoundation\Response))
#13 {main}  
[2019-01-24 07:37:34] local.ERROR: ErrorException: Function mcrypt_get_iv_size() is deprecated in /var/www/vds11/data/www/larablog.omnibank.ru/vendor/compiled.php:11911
Stack trace:
#0 /var/www/vds11/data/www/larablog.omnibank.ru/vendor/compiled.php(11911): Illuminate\Foundation\Bootstrap\HandleExceptions->handleError(8192, 'Function mcrypt...', '/var/www/vds11/...', 11911, Array)
#1 /var/www/vds11/data/www/larablog.omnibank.ru/vendor/compiled.php(11902): Illuminate\Encryption\Encrypter->updateBlockSize()
#2 /var/www/vds11/data/www/larablog.omnibank.ru/vendor/compiled.php(6541): Illuminate\Encryption\Encrypter->setCipher('rijndael-128')
#3 /var/www/vds11/data/www/larablog.omnibank.ru/vendor/compiled.php(1027): Illuminate\Encryption\EncryptionServiceProvider->Illuminate\Encryption\{closure}(Object(Illuminate\Foundation\Application), Array)
#4 /var/www/vds11/data/www/larablog.omnibank.ru/vendor/compiled.php(980): Illuminate\Container\Container->build(Object(Closure), Array)
#5 /var/www/vds11/data/www/larablog.omnibank.ru/vendor/compiled.php(1493): Illuminate\Container\Container->make('encrypter', Array)
#6 /var/www/vds11/data/www/larablog.omnibank.ru/vendor/compiled.php(1072): Illuminate\Foundation\Application->make('encrypter')
#7 /var/www/vds11/data/www/larablog.omnibank.ru/vendor/compiled.php(1056): Illuminate\Container\Container->resolveClass(Object(ReflectionParameter))
#8 /var/www/vds11/data/www/larablog.omnibank.ru/vendor/compiled.php(1042): Illuminate\Container\Container->getDependencies(Array, Array)
#9 /var/www/vds11/data/www/larablog.omnibank.ru/vendor/compiled.php(980): Illuminate\Container\Container->build('Illuminate\\Cook...', Array)
#10 /var/www/vds11/data/www/larablog.omnibank.ru/vendor/compiled.php(1493): Illuminate\Container\Container->make('Illuminate\\Cook...', Array)
#11 /var/www/vds11/data/www/larablog.omnibank.ru/vendor/compiled.php(8944): Illuminate\Foundation\Application->make('Illuminate\\Cook...')
#12 /var/www/vds11/data/www/larablog.omnibank.ru/vendor/compiled.php(2478): Illuminate\Pipeline\Pipeline->Illuminate\Pipeline\{closure}(Object(Illuminate\Http\Request))
#13 /var/www/vds11/data/www/larablog.omnibank.ru/vendor/compiled.php(8944): Illuminate\Foundation\Http\Middleware\CheckForMaintenanceMode->handle(Object(Illuminate\Http\Request), Object(Closure))
#14 [internal function]: Illuminate\Pipeline\Pipeline->Illuminate\Pipeline\{closure}(Object(Illuminate\Http\Request))
#15 /var/www/vds11/data/www/larablog.omnibank.ru/vendor/compiled.php(8935): call_user_func(Object(Closure), Object(Illuminate\Http\Request))
#16 /var/www/vds11/data/www/larablog.omnibank.ru/vendor/compiled.php(1891): Illuminate\Pipeline\Pipeline->then(Object(Closure))
#17 /var/www/vds11/data/www/larablog.omnibank.ru/vendor/compiled.php(1880): Illuminate\Foundation\Http\Kernel->sendRequestThroughRouter(Object(Illuminate\Http\Request))
#18 /var/www/vds11/data/www/larablog.omnibank.ru/public/index.php(52): Illuminate\Foundation\Http\Kernel->handle(Object(Illuminate\Http\Request))
#19 {main}  
[2019-01-24 07:37:34] local.ERROR: ErrorException: Function mcrypt_get_iv_size() is deprecated in /var/www/vds11/data/www/larablog.omnibank.ru/vendor/compiled.php:11911
Stack trace:
#0 /var/www/vds11/data/www/larablog.omnibank.ru/vendor/compiled.php(11911): Illuminate\Foundation\Bootstrap\HandleExceptions->handleError(8192, 'Function mcrypt...', '/var/www/vds11/...', 11911, Array)
#1 /var/www/vds11/data/www/larablog.omnibank.ru/vendor/compiled.php(11902): Illuminate\Encryption\Encrypter->updateBlockSize()
#2 /var/www/vds11/data/www/larablog.omnibank.ru/vendor/compiled.php(6541): Illuminate\Encryption\Encrypter->setCipher('rijndael-128')
#3 /var/www/vds11/data/www/larablog.omnibank.ru/vendor/compiled.php(1027): Illuminate\Encryption\EncryptionServiceProvider->Illuminate\Encryption\{closure}(Object(Illuminate\Foundation\Application), Array)
#4 /var/www/vds11/data/www/larablog.omnibank.ru/vendor/compiled.php(980): Illuminate\Container\Container->build(Object(Closure), Array)
#5 /var/www/vds11/data/www/larablog.omnibank.ru/vendor/compiled.php(1493): Illuminate\Container\Container->make('encrypter', Array)
#6 /var/www/vds11/data/www/larablog.omnibank.ru/vendor/compiled.php(1072): Illuminate\Foundation\Application->make('encrypter')
#7 /var/www/vds11/data/www/larablog.omnibank.ru/vendor/compiled.php(1056): Illuminate\Container\Container->resolveClass(Object(ReflectionParameter))
#8 /var/www/vds11/data/www/larablog.omnibank.ru/vendor/compiled.php(1042): Illuminate\Container\Container->getDependencies(Array, Array)
#9 /var/www/vds11/data/www/larablog.omnibank.ru/vendor/compiled.php(980): Illuminate\Container\Container->build('Illuminate\\Cook...', Array)
#10 /var/www/vds11/data/www/larablog.omnibank.ru/vendor/compiled.php(1493): Illuminate\Container\Container->make('Illuminate\\Cook...', Array)
#11 /var/www/vds11/data/www/larablog.omnibank.ru/vendor/compiled.php(1897): Illuminate\Foundation\Application->make('Illuminate\\Cook...')
#12 /var/www/vds11/data/www/larablog.omnibank.ru/public/index.php(57): Illuminate\Foundation\Http\Kernel->terminate(Object(Illuminate\Http\Request), Object(Symfony\Component\HttpFoundation\Response))
#13 {main}  
[2019-01-24 07:40:35] local.ERROR: ErrorException: Function mcrypt_get_iv_size() is deprecated in /var/www/vds11/data/www/larablog.omnibank.ru/vendor/compiled.php:11911
Stack trace:
#0 /var/www/vds11/data/www/larablog.omnibank.ru/vendor/compiled.php(11911): Illuminate\Foundation\Bootstrap\HandleExceptions->handleError(8192, 'Function mcrypt...', '/var/www/vds11/...', 11911, Array)
#1 /var/www/vds11/data/www/larablog.omnibank.ru/vendor/compiled.php(11902): Illuminate\Encryption\Encrypter->updateBlockSize()
#2 /var/www/vds11/data/www/larablog.omnibank.ru/vendor/compiled.php(6541): Illuminate\Encryption\Encrypter->setCipher(-256)
#3 /var/www/vds11/data/www/larablog.omnibank.ru/vendor/compiled.php(1027): Illuminate\Encryption\EncryptionServiceProvider->Illuminate\Encryption\{closure}(Object(Illuminate\Foundation\Application), Array)
#4 /var/www/vds11/data/www/larablog.omnibank.ru/vendor/compiled.php(980): Illuminate\Container\Container->build(Object(Closure), Array)
#5 /var/www/vds11/data/www/larablog.omnibank.ru/vendor/compiled.php(1493): Illuminate\Container\Container->make('encrypter', Array)
#6 /var/www/vds11/data/www/larablog.omnibank.ru/vendor/compiled.php(1072): Illuminate\Foundation\Application->make('encrypter')
#7 /var/www/vds11/data/www/larablog.omnibank.ru/vendor/compiled.php(1056): Illuminate\Container\Container->resolveClass(Object(ReflectionParameter))
#8 /var/www/vds11/data/www/larablog.omnibank.ru/vendor/compiled.php(1042): Illuminate\Container\Container->getDependencies(Array, Array)
#9 /var/www/vds11/data/www/larablog.omnibank.ru/vendor/compiled.php(980): Illuminate\Container\Container->build('Illuminate\\Cook...', Array)
#10 /var/www/vds11/data/www/larablog.omnibank.ru/vendor/compiled.php(1493): Illuminate\Container\Container->make('Illuminate\\Cook...', Array)
#11 /var/www/vds11/data/www/larablog.omnibank.ru/vendor/compiled.php(8944): Illuminate\Foundation\Application->make('Illuminate\\Cook...')
#12 /var/www/vds11/data/www/larablog.omnibank.ru/vendor/compiled.php(2478): Illuminate\Pipeline\Pipeline->Illuminate\Pipeline\{closure}(Object(Illuminate\Http\Request))
#13 /var/www/vds11/data/www/larablog.omnibank.ru/vendor/compiled.php(8944): Illuminate\Foundation\Http\Middleware\CheckForMaintenanceMode->handle(Object(Illuminate\Http\Request), Object(Closure))
#14 [internal function]: Illuminate\Pipeline\Pipeline->Illuminate\Pipeline\{closure}(Object(Illuminate\Http\Request))
#15 /var/www/vds11/data/www/larablog.omnibank.ru/vendor/compiled.php(8935): call_user_func(Object(Closure), Object(Illuminate\Http\Request))
#16 /var/www/vds11/data/www/larablog.omnibank.ru/vendor/compiled.php(1891): Illuminate\Pipeline\Pipeline->then(Object(Closure))
#17 /var/www/vds11/data/www/larablog.omnibank.ru/vendor/compiled.php(1880): Illuminate\Foundation\Http\Kernel->sendRequestThroughRouter(Object(Illuminate\Http\Request))
#18 /var/www/vds11/data/www/larablog.omnibank.ru/public/index.php(52): Illuminate\Foundation\Http\Kernel->handle(Object(Illuminate\Http\Request))
#19 {main}  
[2019-01-24 07:40:35] local.ERROR: ErrorException: Function mcrypt_get_iv_size() is deprecated in /var/www/vds11/data/www/larablog.omnibank.ru/vendor/compiled.php:11911
Stack trace:
#0 /var/www/vds11/data/www/larablog.omnibank.ru/vendor/compiled.php(11911): Illuminate\Foundation\Bootstrap\HandleExceptions->handleError(8192, 'Function mcrypt...', '/var/www/vds11/...', 11911, Array)
#1 /var/www/vds11/data/www/larablog.omnibank.ru/vendor/compiled.php(11902): Illuminate\Encryption\Encrypter->updateBlockSize()
#2 /var/www/vds11/data/www/larablog.omnibank.ru/vendor/compiled.php(6541): Illuminate\Encryption\Encrypter->setCipher(-256)
#3 /var/www/vds11/data/www/larablog.omnibank.ru/vendor/compiled.php(1027): Illuminate\Encryption\EncryptionServiceProvider->Illuminate\Encryption\{closure}(Object(Illuminate\Foundation\Application), Array)
#4 /var/www/vds11/data/www/larablog.omnibank.ru/vendor/compiled.php(980): Illuminate\Container\Container->build(Object(Closure), Array)
#5 /var/www/vds11/data/www/larablog.omnibank.ru/vendor/compiled.php(1493): Illuminate\Container\Container->make('encrypter', Array)
#6 /var/www/vds11/data/www/larablog.omnibank.ru/vendor/compiled.php(1072): Illuminate\Foundation\Application->make('encrypter')
#7 /var/www/vds11/data/www/larablog.omnibank.ru/vendor/compiled.php(1056): Illuminate\Container\Container->resolveClass(Object(ReflectionParameter))
#8 /var/www/vds11/data/www/larablog.omnibank.ru/vendor/compiled.php(1042): Illuminate\Container\Container->getDependencies(Array, Array)
#9 /var/www/vds11/data/www/larablog.omnibank.ru/vendor/compiled.php(980): Illuminate\Container\Container->build('Illuminate\\Cook...', Array)
#10 /var/www/vds11/data/www/larablog.omnibank.ru/vendor/compiled.php(1493): Illuminate\Container\Container->make('Illuminate\\Cook...', Array)
#11 /var/www/vds11/data/www/larablog.omnibank.ru/vendor/compiled.php(1897): Illuminate\Foundation\Application->make('Illuminate\\Cook...')
#12 /var/www/vds11/data/www/larablog.omnibank.ru/public/index.php(57): Illuminate\Foundation\Http\Kernel->terminate(Object(Illuminate\Http\Request), Object(Symfony\Component\HttpFoundation\Response))
#13 {main}  
[2019-01-24 07:42:38] local.ERROR: ErrorException: Function mcrypt_get_iv_size() is deprecated in /var/www/vds11/data/www/larablog.omnibank.ru/vendor/compiled.php:11911
Stack trace:
#0 /var/www/vds11/data/www/larablog.omnibank.ru/vendor/compiled.php(11911): Illuminate\Foundation\Bootstrap\HandleExceptions->handleError(8192, 'Function mcrypt...', '/var/www/vds11/...', 11911, Array)
#1 /var/www/vds11/data/www/larablog.omnibank.ru/vendor/compiled.php(11902): Illuminate\Encryption\Encrypter->updateBlockSize()
#2 /var/www/vds11/data/www/larablog.omnibank.ru/vendor/compiled.php(6541): Illuminate\Encryption\Encrypter->setCipher(-256)
#3 /var/www/vds11/data/www/larablog.omnibank.ru/vendor/compiled.php(1027): Illuminate\Encryption\EncryptionServiceProvider->Illuminate\Encryption\{closure}(Object(Illuminate\Foundation\Application), Array)
#4 /var/www/vds11/data/www/larablog.omnibank.ru/vendor/compiled.php(980): Illuminate\Container\Container->build(Object(Closure), Array)
#5 /var/www/vds11/data/www/larablog.omnibank.ru/vendor/compiled.php(1493): Illuminate\Container\Container->make('encrypter', Array)
#6 /var/www/vds11/data/www/larablog.omnibank.ru/vendor/compiled.php(1072): Illuminate\Foundation\Application->make('encrypter')
#7 /var/www/vds11/data/www/larablog.omnibank.ru/vendor/compiled.php(1056): Illuminate\Container\Container->resolveClass(Object(ReflectionParameter))
#8 /var/www/vds11/data/www/larablog.omnibank.ru/vendor/compiled.php(1042): Illuminate\Container\Container->getDependencies(Array, Array)
#9 /var/www/vds11/data/www/larablog.omnibank.ru/vendor/compiled.php(980): Illuminate\Container\Container->build('Illuminate\\Cook...', Array)
#10 /var/www/vds11/data/www/larablog.omnibank.ru/vendor/compiled.php(1493): Illuminate\Container\Container->make('Illuminate\\Cook...', Array)
#11 /var/www/vds11/data/www/larablog.omnibank.ru/vendor/compiled.php(8944): Illuminate\Foundation\Application->make('Illuminate\\Cook...')
#12 /var/www/vds11/data/www/larablog.omnibank.ru/vendor/compiled.php(2478): Illuminate\Pipeline\Pipeline->Illuminate\Pipeline\{closure}(Object(Illuminate\Http\Request))
#13 /var/www/vds11/data/www/larablog.omnibank.ru/vendor/compiled.php(8944): Illuminate\Foundation\Http\Middleware\CheckForMaintenanceMode->handle(Object(Illuminate\Http\Request), Object(Closure))
#14 [internal function]: Illuminate\Pipeline\Pipeline->Illuminate\Pipeline\{closure}(Object(Illuminate\Http\Request))
#15 /var/www/vds11/data/www/larablog.omnibank.ru/vendor/compiled.php(8935): call_user_func(Object(Closure), Object(Illuminate\Http\Request))
#16 /var/www/vds11/data/www/larablog.omnibank.ru/vendor/compiled.php(1891): Illuminate\Pipeline\Pipeline->then(Object(Closure))
#17 /var/www/vds11/data/www/larablog.omnibank.ru/vendor/compiled.php(1880): Illuminate\Foundation\Http\Kernel->sendRequestThroughRouter(Object(Illuminate\Http\Request))
#18 /var/www/vds11/data/www/larablog.omnibank.ru/public/index.php(52): Illuminate\Foundation\Http\Kernel->handle(Object(Illuminate\Http\Request))
#19 {main}  
[2019-01-24 07:42:38] local.ERROR: ErrorException: Function mcrypt_get_iv_size() is deprecated in /var/www/vds11/data/www/larablog.omnibank.ru/vendor/compiled.php:11911
Stack trace:
#0 /var/www/vds11/data/www/larablog.omnibank.ru/vendor/compiled.php(11911): Illuminate\Foundation\Bootstrap\HandleExceptions->handleError(8192, 'Function mcrypt...', '/var/www/vds11/...', 11911, Array)
#1 /var/www/vds11/data/www/larablog.omnibank.ru/vendor/compiled.php(11902): Illuminate\Encryption\Encrypter->updateBlockSize()
#2 /var/www/vds11/data/www/larablog.omnibank.ru/vendor/compiled.php(6541): Illuminate\Encryption\Encrypter->setCipher(-256)
#3 /var/www/vds11/data/www/larablog.omnibank.ru/vendor/compiled.php(1027): Illuminate\Encryption\EncryptionServiceProvider->Illuminate\Encryption\{closure}(Object(Illuminate\Foundation\Application), Array)
#4 /var/www/vds11/data/www/larablog.omnibank.ru/vendor/compiled.php(980): Illuminate\Container\Container->build(Object(Closure), Array)
#5 /var/www/vds11/data/www/larablog.omnibank.ru/vendor/compiled.php(1493): Illuminate\Container\Container->make('encrypter', Array)
#6 /var/www/vds11/data/www/larablog.omnibank.ru/vendor/compiled.php(1072): Illuminate\Foundation\Application->make('encrypter')
#7 /var/www/vds11/data/www/larablog.omnibank.ru/vendor/compiled.php(1056): Illuminate\Container\Container->resolveClass(Object(ReflectionParameter))
#8 /var/www/vds11/data/www/larablog.omnibank.ru/vendor/compiled.php(1042): Illuminate\Container\Container->getDependencies(Array, Array)
#9 /var/www/vds11/data/www/larablog.omnibank.ru/vendor/compiled.php(980): Illuminate\Container\Container->build('Illuminate\\Cook...', Array)
#10 /var/www/vds11/data/www/larablog.omnibank.ru/vendor/compiled.php(1493): Illuminate\Container\Container->make('Illuminate\\Cook...', Array)
#11 /var/www/vds11/data/www/larablog.omnibank.ru/vendor/compiled.php(1897): Illuminate\Foundation\Application->make('Illuminate\\Cook...')
#12 /var/www/vds11/data/www/larablog.omnibank.ru/public/index.php(57): Illuminate\Foundation\Http\Kernel->terminate(Object(Illuminate\Http\Request), Object(Symfony\Component\HttpFoundation\Response))
#13 {main}  
[2019-01-24 07:44:41] local.ERROR: ErrorException: Function mcrypt_get_iv_size() is deprecated in /var/www/vds11/data/www/larablog.omnibank.ru/vendor/compiled.php:11911
Stack trace:
#0 /var/www/vds11/data/www/larablog.omnibank.ru/vendor/compiled.php(11911): Illuminate\Foundation\Bootstrap\HandleExceptions->handleError(8192, 'Function mcrypt...', '/var/www/vds11/...', 11911, Array)
#1 /var/www/vds11/data/www/larablog.omnibank.ru/vendor/compiled.php(11902): Illuminate\Encryption\Encrypter->updateBlockSize()
#2 /var/www/vds11/data/www/larablog.omnibank.ru/vendor/compiled.php(6541): Illuminate\Encryption\Encrypter->setCipher('AES-256-CBC')
#3 /var/www/vds11/data/www/larablog.omnibank.ru/vendor/compiled.php(1027): Illuminate\Encryption\EncryptionServiceProvider->Illuminate\Encryption\{closure}(Object(Illuminate\Foundation\Application), Array)
#4 /var/www/vds11/data/www/larablog.omnibank.ru/vendor/compiled.php(980): Illuminate\Container\Container->build(Object(Closure), Array)
#5 /var/www/vds11/data/www/larablog.omnibank.ru/vendor/compiled.php(1493): Illuminate\Container\Container->make('encrypter', Array)
#6 /var/www/vds11/data/www/larablog.omnibank.ru/vendor/compiled.php(1072): Illuminate\Foundation\Application->make('encrypter')
#7 /var/www/vds11/data/www/larablog.omnibank.ru/vendor/compiled.php(1056): Illuminate\Container\Container->resolveClass(Object(ReflectionParameter))
#8 /var/www/vds11/data/www/larablog.omnibank.ru/vendor/compiled.php(1042): Illuminate\Container\Container->getDependencies(Array, Array)
#9 /var/www/vds11/data/www/larablog.omnibank.ru/vendor/compiled.php(980): Illuminate\Container\Container->build('Illuminate\\Cook...', Array)
#10 /var/www/vds11/data/www/larablog.omnibank.ru/vendor/compiled.php(1493): Illuminate\Container\Container->make('Illuminate\\Cook...', Array)
#11 /var/www/vds11/data/www/larablog.omnibank.ru/vendor/compiled.php(8944): Illuminate\Foundation\Application->make('Illuminate\\Cook...')
#12 /var/www/vds11/data/www/larablog.omnibank.ru/vendor/compiled.php(2478): Illuminate\Pipeline\Pipeline->Illuminate\Pipeline\{closure}(Object(Illuminate\Http\Request))
#13 /var/www/vds11/data/www/larablog.omnibank.ru/vendor/compiled.php(8944): Illuminate\Foundation\Http\Middleware\CheckForMaintenanceMode->handle(Object(Illuminate\Http\Request), Object(Closure))
#14 [internal function]: Illuminate\Pipeline\Pipeline->Illuminate\Pipeline\{closure}(Object(Illuminate\Http\Request))
#15 /var/www/vds11/data/www/larablog.omnibank.ru/vendor/compiled.php(8935): call_user_func(Object(Closure), Object(Illuminate\Http\Request))
#16 /var/www/vds11/data/www/larablog.omnibank.ru/vendor/compiled.php(1891): Illuminate\Pipeline\Pipeline->then(Object(Closure))
#17 /var/www/vds11/data/www/larablog.omnibank.ru/vendor/compiled.php(1880): Illuminate\Foundation\Http\Kernel->sendRequestThroughRouter(Object(Illuminate\Http\Request))
#18 /var/www/vds11/data/www/larablog.omnibank.ru/public/index.php(52): Illuminate\Foundation\Http\Kernel->handle(Object(Illuminate\Http\Request))
#19 {main}  
[2019-01-24 07:44:41] local.ERROR: ErrorException: Function mcrypt_get_iv_size() is deprecated in /var/www/vds11/data/www/larablog.omnibank.ru/vendor/compiled.php:11911
Stack trace:
#0 /var/www/vds11/data/www/larablog.omnibank.ru/vendor/compiled.php(11911): Illuminate\Foundation\Bootstrap\HandleExceptions->handleError(8192, 'Function mcrypt...', '/var/www/vds11/...', 11911, Array)
#1 /var/www/vds11/data/www/larablog.omnibank.ru/vendor/compiled.php(11902): Illuminate\Encryption\Encrypter->updateBlockSize()
#2 /var/www/vds11/data/www/larablog.omnibank.ru/vendor/compiled.php(6541): Illuminate\Encryption\Encrypter->setCipher('AES-256-CBC')
#3 /var/www/vds11/data/www/larablog.omnibank.ru/vendor/compiled.php(1027): Illuminate\Encryption\EncryptionServiceProvider->Illuminate\Encryption\{closure}(Object(Illuminate\Foundation\Application), Array)
#4 /var/www/vds11/data/www/larablog.omnibank.ru/vendor/compiled.php(980): Illuminate\Container\Container->build(Object(Closure), Array)
#5 /var/www/vds11/data/www/larablog.omnibank.ru/vendor/compiled.php(1493): Illuminate\Container\Container->make('encrypter', Array)
#6 /var/www/vds11/data/www/larablog.omnibank.ru/vendor/compiled.php(1072): Illuminate\Foundation\Application->make('encrypter')
#7 /var/www/vds11/data/www/larablog.omnibank.ru/vendor/compiled.php(1056): Illuminate\Container\Container->resolveClass(Object(ReflectionParameter))
#8 /var/www/vds11/data/www/larablog.omnibank.ru/vendor/compiled.php(1042): Illuminate\Container\Container->getDependencies(Array, Array)
#9 /var/www/vds11/data/www/larablog.omnibank.ru/vendor/compiled.php(980): Illuminate\Container\Container->build('Illuminate\\Cook...', Array)
#10 /var/www/vds11/data/www/larablog.omnibank.ru/vendor/compiled.php(1493): Illuminate\Container\Container->make('Illuminate\\Cook...', Array)
#11 /var/www/vds11/data/www/larablog.omnibank.ru/vendor/compiled.php(1897): Illuminate\Foundation\Application->make('Illuminate\\Cook...')
#12 /var/www/vds11/data/www/larablog.omnibank.ru/public/index.php(57): Illuminate\Foundation\Http\Kernel->terminate(Object(Illuminate\Http\Request), Object(Symfony\Component\HttpFoundation\Response))
#13 {main}  
[2019-01-24 07:45:52] local.ERROR: ErrorException: mcrypt_get_iv_size(): Module initialization failed in /var/www/vds11/data/www/larablog.omnibank.ru/vendor/compiled.php:11911
Stack trace:
#0 [internal function]: Illuminate\Foundation\Bootstrap\HandleExceptions->handleError(2, 'mcrypt_get_iv_s...', '/var/www/vds11/...', 11911, Array)
#1 /var/www/vds11/data/www/larablog.omnibank.ru/vendor/compiled.php(11911): mcrypt_get_iv_size('AES-256-CBC', 'cbc')
#2 /var/www/vds11/data/www/larablog.omnibank.ru/vendor/compiled.php(11902): Illuminate\Encryption\Encrypter->updateBlockSize()
#3 /var/www/vds11/data/www/larablog.omnibank.ru/vendor/compiled.php(6541): Illuminate\Encryption\Encrypter->setCipher('AES-256-CBC')
#4 /var/www/vds11/data/www/larablog.omnibank.ru/vendor/compiled.php(1027): Illuminate\Encryption\EncryptionServiceProvider->Illuminate\Encryption\{closure}(Object(Illuminate\Foundation\Application), Array)
#5 /var/www/vds11/data/www/larablog.omnibank.ru/vendor/compiled.php(980): Illuminate\Container\Container->build(Object(Closure), Array)
#6 /var/www/vds11/data/www/larablog.omnibank.ru/vendor/compiled.php(1493): Illuminate\Container\Container->make('encrypter', Array)
#7 /var/www/vds11/data/www/larablog.omnibank.ru/vendor/compiled.php(1072): Illuminate\Foundation\Application->make('encrypter')
#8 /var/www/vds11/data/www/larablog.omnibank.ru/vendor/compiled.php(1056): Illuminate\Container\Container->resolveClass(Object(ReflectionParameter))
#9 /var/www/vds11/data/www/larablog.omnibank.ru/vendor/compiled.php(1042): Illuminate\Container\Container->getDependencies(Array, Array)
#10 /var/www/vds11/data/www/larablog.omnibank.ru/vendor/compiled.php(980): Illuminate\Container\Container->build('Illuminate\\Cook...', Array)
#11 /var/www/vds11/data/www/larablog.omnibank.ru/vendor/compiled.php(1493): Illuminate\Container\Container->make('Illuminate\\Cook...', Array)
#12 /var/www/vds11/data/www/larablog.omnibank.ru/vendor/compiled.php(8944): Illuminate\Foundation\Application->make('Illuminate\\Cook...')
#13 /var/www/vds11/data/www/larablog.omnibank.ru/vendor/compiled.php(2478): Illuminate\Pipeline\Pipeline->Illuminate\Pipeline\{closure}(Object(Illuminate\Http\Request))
#14 /var/www/vds11/data/www/larablog.omnibank.ru/vendor/compiled.php(8944): Illuminate\Foundation\Http\Middleware\CheckForMaintenanceMode->handle(Object(Illuminate\Http\Request), Object(Closure))
#15 [internal function]: Illuminate\Pipeline\Pipeline->Illuminate\Pipeline\{closure}(Object(Illuminate\Http\Request))
#16 /var/www/vds11/data/www/larablog.omnibank.ru/vendor/compiled.php(8935): call_user_func(Object(Closure), Object(Illuminate\Http\Request))
#17 /var/www/vds11/data/www/larablog.omnibank.ru/vendor/compiled.php(1891): Illuminate\Pipeline\Pipeline->then(Object(Closure))
#18 /var/www/vds11/data/www/larablog.omnibank.ru/vendor/compiled.php(1880): Illuminate\Foundation\Http\Kernel->sendRequestThroughRouter(Object(Illuminate\Http\Request))
#19 /var/www/vds11/data/www/larablog.omnibank.ru/public/index.php(52): Illuminate\Foundation\Http\Kernel->handle(Object(Illuminate\Http\Request))
#20 {main}  
[2019-01-24 07:45:52] local.ERROR: ErrorException: mcrypt_get_iv_size(): Module initialization failed in /var/www/vds11/data/www/larablog.omnibank.ru/vendor/compiled.php:11911
Stack trace:
#0 [internal function]: Illuminate\Foundation\Bootstrap\HandleExceptions->handleError(2, 'mcrypt_get_iv_s...', '/var/www/vds11/...', 11911, Array)
#1 /var/www/vds11/data/www/larablog.omnibank.ru/vendor/compiled.php(11911): mcrypt_get_iv_size('AES-256-CBC', 'cbc')
#2 /var/www/vds11/data/www/larablog.omnibank.ru/vendor/compiled.php(11902): Illuminate\Encryption\Encrypter->updateBlockSize()
#3 /var/www/vds11/data/www/larablog.omnibank.ru/vendor/compiled.php(6541): Illuminate\Encryption\Encrypter->setCipher('AES-256-CBC')
#4 /var/www/vds11/data/www/larablog.omnibank.ru/vendor/compiled.php(1027): Illuminate\Encryption\EncryptionServiceProvider->Illuminate\Encryption\{closure}(Object(Illuminate\Foundation\Application), Array)
#5 /var/www/vds11/data/www/larablog.omnibank.ru/vendor/compiled.php(980): Illuminate\Container\Container->build(Object(Closure), Array)
#6 /var/www/vds11/data/www/larablog.omnibank.ru/vendor/compiled.php(1493): Illuminate\Container\Container->make('encrypter', Array)
#7 /var/www/vds11/data/www/larablog.omnibank.ru/vendor/compiled.php(1072): Illuminate\Foundation\Application->make('encrypter')
#8 /var/www/vds11/data/www/larablog.omnibank.ru/vendor/compiled.php(1056): Illuminate\Container\Container->resolveClass(Object(ReflectionParameter))
#9 /var/www/vds11/data/www/larablog.omnibank.ru/vendor/compiled.php(1042): Illuminate\Container\Container->getDependencies(Array, Array)
#10 /var/www/vds11/data/www/larablog.omnibank.ru/vendor/compiled.php(980): Illuminate\Container\Container->build('Illuminate\\Cook...', Array)
#11 /var/www/vds11/data/www/larablog.omnibank.ru/vendor/compiled.php(1493): Illuminate\Container\Container->make('Illuminate\\Cook...', Array)
#12 /var/www/vds11/data/www/larablog.omnibank.ru/vendor/compiled.php(1897): Illuminate\Foundation\Application->make('Illuminate\\Cook...')
#13 /var/www/vds11/data/www/larablog.omnibank.ru/public/index.php(57): Illuminate\Foundation\Http\Kernel->terminate(Object(Illuminate\Http\Request), Object(Symfony\Component\HttpFoundation\Response))
#14 {main}  
[2019-01-24 07:46:10] local.ERROR: ErrorException: mcrypt_get_iv_size(): Module initialization failed in /var/www/vds11/data/www/larablog.omnibank.ru/vendor/compiled.php:11911
Stack trace:
#0 [internal function]: Illuminate\Foundation\Bootstrap\HandleExceptions->handleError(2, 'mcrypt_get_iv_s...', '/var/www/vds11/...', 11911, Array)
#1 /var/www/vds11/data/www/larablog.omnibank.ru/vendor/compiled.php(11911): mcrypt_get_iv_size('AES-256-CBC', 'cbc')
#2 /var/www/vds11/data/www/larablog.omnibank.ru/vendor/compiled.php(11902): Illuminate\Encryption\Encrypter->updateBlockSize()
#3 /var/www/vds11/data/www/larablog.omnibank.ru/vendor/compiled.php(6541): Illuminate\Encryption\Encrypter->setCipher('AES-256-CBC')
#4 /var/www/vds11/data/www/larablog.omnibank.ru/vendor/compiled.php(1027): Illuminate\Encryption\EncryptionServiceProvider->Illuminate\Encryption\{closure}(Object(Illuminate\Foundation\Application), Array)
#5 /var/www/vds11/data/www/larablog.omnibank.ru/vendor/compiled.php(980): Illuminate\Container\Container->build(Object(Closure), Array)
#6 /var/www/vds11/data/www/larablog.omnibank.ru/vendor/compiled.php(1493): Illuminate\Container\Container->make('encrypter', Array)
#7 /var/www/vds11/data/www/larablog.omnibank.ru/vendor/compiled.php(1072): Illuminate\Foundation\Application->make('encrypter')
#8 /var/www/vds11/data/www/larablog.omnibank.ru/vendor/compiled.php(1056): Illuminate\Container\Container->resolveClass(Object(ReflectionParameter))
#9 /var/www/vds11/data/www/larablog.omnibank.ru/vendor/compiled.php(1042): Illuminate\Container\Container->getDependencies(Array, Array)
#10 /var/www/vds11/data/www/larablog.omnibank.ru/vendor/compiled.php(980): Illuminate\Container\Container->build('Illuminate\\Cook...', Array)
#11 /var/www/vds11/data/www/larablog.omnibank.ru/vendor/compiled.php(1493): Illuminate\Container\Container->make('Illuminate\\Cook...', Array)
#12 /var/www/vds11/data/www/larablog.omnibank.ru/vendor/compiled.php(8944): Illuminate\Foundation\Application->make('Illuminate\\Cook...')
#13 /var/www/vds11/data/www/larablog.omnibank.ru/vendor/compiled.php(2478): Illuminate\Pipeline\Pipeline->Illuminate\Pipeline\{closure}(Object(Illuminate\Http\Request))
#14 /var/www/vds11/data/www/larablog.omnibank.ru/vendor/compiled.php(8944): Illuminate\Foundation\Http\Middleware\CheckForMaintenanceMode->handle(Object(Illuminate\Http\Request), Object(Closure))
#15 [internal function]: Illuminate\Pipeline\Pipeline->Illuminate\Pipeline\{closure}(Object(Illuminate\Http\Request))
#16 /var/www/vds11/data/www/larablog.omnibank.ru/vendor/compiled.php(8935): call_user_func(Object(Closure), Object(Illuminate\Http\Request))
#17 /var/www/vds11/data/www/larablog.omnibank.ru/vendor/compiled.php(1891): Illuminate\Pipeline\Pipeline->then(Object(Closure))
#18 /var/www/vds11/data/www/larablog.omnibank.ru/vendor/compiled.php(1880): Illuminate\Foundation\Http\Kernel->sendRequestThroughRouter(Object(Illuminate\Http\Request))
#19 /var/www/vds11/data/www/larablog.omnibank.ru/public/index.php(52): Illuminate\Foundation\Http\Kernel->handle(Object(Illuminate\Http\Request))
#20 {main}  
[2019-01-24 07:46:10] local.ERROR: ErrorException: mcrypt_get_iv_size(): Module initialization failed in /var/www/vds11/data/www/larablog.omnibank.ru/vendor/compiled.php:11911
Stack trace:
#0 [internal function]: Illuminate\Foundation\Bootstrap\HandleExceptions->handleError(2, 'mcrypt_get_iv_s...', '/var/www/vds11/...', 11911, Array)
#1 /var/www/vds11/data/www/larablog.omnibank.ru/vendor/compiled.php(11911): mcrypt_get_iv_size('AES-256-CBC', 'cbc')
#2 /var/www/vds11/data/www/larablog.omnibank.ru/vendor/compiled.php(11902): Illuminate\Encryption\Encrypter->updateBlockSize()
#3 /var/www/vds11/data/www/larablog.omnibank.ru/vendor/compiled.php(6541): Illuminate\Encryption\Encrypter->setCipher('AES-256-CBC')
#4 /var/www/vds11/data/www/larablog.omnibank.ru/vendor/compiled.php(1027): Illuminate\Encryption\EncryptionServiceProvider->Illuminate\Encryption\{closure}(Object(Illuminate\Foundation\Application), Array)
#5 /var/www/vds11/data/www/larablog.omnibank.ru/vendor/compiled.php(980): Illuminate\Container\Container->build(Object(Closure), Array)
#6 /var/www/vds11/data/www/larablog.omnibank.ru/vendor/compiled.php(1493): Illuminate\Container\Container->make('encrypter', Array)
#7 /var/www/vds11/data/www/larablog.omnibank.ru/vendor/compiled.php(1072): Illuminate\Foundation\Application->make('encrypter')
#8 /var/www/vds11/data/www/larablog.omnibank.ru/vendor/compiled.php(1056): Illuminate\Container\Container->resolveClass(Object(ReflectionParameter))
#9 /var/www/vds11/data/www/larablog.omnibank.ru/vendor/compiled.php(1042): Illuminate\Container\Container->getDependencies(Array, Array)
#10 /var/www/vds11/data/www/larablog.omnibank.ru/vendor/compiled.php(980): Illuminate\Container\Container->build('Illuminate\\Cook...', Array)
#11 /var/www/vds11/data/www/larablog.omnibank.ru/vendor/compiled.php(1493): Illuminate\Container\Container->make('Illuminate\\Cook...', Array)
#12 /var/www/vds11/data/www/larablog.omnibank.ru/vendor/compiled.php(1897): Illuminate\Foundation\Application->make('Illuminate\\Cook...')
#13 /var/www/vds11/data/www/larablog.omnibank.ru/public/index.php(57): Illuminate\Foundation\Http\Kernel->terminate(Object(Illuminate\Http\Request), Object(Symfony\Component\HttpFoundation\Response))
#14 {main}  
